2026-01-15 11:35:48.592173: I tensorflow/core/util/port.cc:153] oneDNN custom operations are on. You may see slightly different numerical results due to floating-point round-off errors from different computation orders. To turn them off, set the environment variable `TF_ENABLE_ONEDNN_OPTS=0`.
2026-01-15 11:35:48.677070: I tensorflow/core/platform/cpu_feature_guard.cc:210] This TensorFlow binary is optimized to use available CPU instructions in performance-critical operations.
To enable the following instructions: AVX2 AVX_VNNI FMA, in other operations, rebuild TensorFlow with the appropriate compiler flags.
2026-01-15 11:35:50.418758: I tensorflow/core/util/port.cc:153] oneDNN custom operations are on. You may see slightly different numerical results due to floating-point round-off errors from different computation orders. To turn them off, set the environment variable `TF_ENABLE_ONEDNN_OPTS=0`.
Iniciando loop de processamento facial em background...
Iniciando Serviço de Biometria (Modo Server)...
2026-01-15 11:35:51.822530: E external/local_xla/xla/stream_executor/cuda/cuda_platform.cc:51] failed call to cuInit: INTERNAL: CUDA error: Failed call to cuInit: UNKNOWN ERROR (303)
Carregando modelos do DeepFace e Embeddings...
Debug: Camera Capture Loop Started
Camera started in background thread.
NiceGUI ready to go on http://localhost:8080, and http://192.168.171.189:8080
Carregado 2 usuários conhecidos.
DEBUG RESULTS: [{'box': (234, 243, 112, 112), 'name': 'Desconhecido', 'id': None, 'access_level': 'Visitante', 'known': False, 'confidence': 0.6, 'in_roi': True}]
ALERTA: Acesso Negado Detectado!
DEBUG RESULTS: [{'box': (581, 110, 38, 38), 'name': 'Desconhecido', 'id': None, 'access_level': 'Visitante', 'known': False, 'confidence': 0.6, 'in_roi': False}]
DEBUG RESULTS: [{'box': (581, 110, 38, 38), 'name': 'Desconhecido', 'id': None, 'access_level': 'Visitante', 'known': False, 'confidence': 0.6, 'in_roi': False}]
DEBUG RESULTS: [{'box': (581, 110, 38, 38), 'name': 'Desconhecido', 'id': None, 'access_level': 'Visitante', 'known': False, 'confidence': 0.6, 'in_roi': False}]
DEBUG RESULTS: [{'box': (581, 110, 38, 38), 'name': 'Desconhecido', 'id': None, 'access_level': 'Visitante', 'known': False, 'confidence': 0.6, 'in_roi': False}]
DEBUG RESULTS: [{'box': (581, 110, 38, 38), 'name': 'Desconhecido', 'id': None, 'access_level': 'Visitante', 'known': False, 'confidence': 0.6, 'in_roi': False}]
DEBUG RESULTS: [{'box': (582, 111, 39, 39), 'name': 'Desconhecido', 'id': None, 'access_level': 'Visitante', 'known': False, 'confidence': 0.6, 'in_roi': False}, {'box': (234, 245, 108, 108), 'name': 'Desconhecido', 'id': None, 'access_level': 'Visitante', 'known': False, 'confidence': 0.6, 'in_roi': True}]
DEBUG RESULTS: [{'box': (580, 113, 38, 38), 'name': 'Desconhecido', 'id': None, 'access_level': 'Visitante', 'known': False, 'confidence': 0.6, 'in_roi': False}]
DEBUG RESULTS: [{'box': (579, 113, 38, 38), 'name': 'Desconhecido', 'id': None, 'access_level': 'Visitante', 'known': False, 'confidence': 0.6, 'in_roi': False}, {'box': (233, 249, 106, 106), 'name': 'Desconhecido', 'id': None, 'access_level': 'Visitante', 'known': False, 'confidence': 0.6, 'in_roi': True}]
DEBUG RESULTS: [{'box': (235, 251, 105, 105), 'name': 'Desconhecido', 'id': None, 'access_level': 'Visitante', 'known': False, 'confidence': 0.6, 'in_roi': True}]
DEBUG: RECOGNIZED USER -> BRB
DEBUG RESULTS: [{'box': (583, 114, 36, 36), 'name': 'Desconhecido', 'id': None, 'access_level': 'Visitante', 'known': False, 'confidence': 0.6, 'in_roi': False}, {'box': (188, 113, 180, 180), 'name': 'BRB', 'id': '5f071e08-ca0b-45b0-a571-875cf832b0b9', 'access_level': 'Admin', 'known': True, 'confidence': np.float64(0.8823809055059176), 'in_roi': True}]
Admin detectado. Acesso liberado.
DEBUG: RECOGNIZED USER -> BRB
DEBUG RESULTS: [{'box': (203, 101, 176, 176), 'name': 'BRB', 'id': '5f071e08-ca0b-45b0-a571-875cf832b0b9', 'access_level': 'Admin', 'known': True, 'confidence': np.float64(0.8748864910518471), 'in_roi': True}]
DEBUG: RECOGNIZED USER -> BRB
DEBUG RESULTS: [{'box': (201, 104, 178, 178), 'name': 'BRB', 'id': '5f071e08-ca0b-45b0-a571-875cf832b0b9', 'access_level': 'Admin', 'known': True, 'confidence': np.float64(0.8932937665505464), 'in_roi': True}]
DEBUG: RECOGNIZED USER -> BRB
DEBUG RESULTS: [{'box': (194, 148, 168, 168), 'name': 'BRB', 'id': '5f071e08-ca0b-45b0-a571-875cf832b0b9', 'access_level': 'Admin', 'known': True, 'confidence': np.float64(0.8822059186976261), 'in_roi': True}]
DEBUG: RECOGNIZED USER -> BRB
DEBUG: RECOGNIZED USER -> BRB
DEBUG RESULTS: [{'box': (581, 111, 41, 41), 'name': 'Desconhecido', 'id': None, 'access_level': 'Visitante', 'known': False, 'confidence': 0.6, 'in_roi': False}, {'box': (218, 100, 175, 175), 'name': 'BRB', 'id': '5f071e08-ca0b-45b0-a571-875cf832b0b9', 'access_level': 'Admin', 'known': True, 'confidence': np.float64(0.885433579202446), 'in_roi': True}]
DEBUG: RECOGNIZED USER -> BRB
DEBUG: RECOGNIZED USER -> BRB
DEBUG RESULTS: [{'box': (579, 110, 42, 42), 'name': 'Desconhecido', 'id': None, 'access_level': 'Visitante', 'known': False, 'confidence': 0.6, 'in_roi': False}, {'box': (214, 99, 174, 174), 'name': 'BRB', 'id': '5f071e08-ca0b-45b0-a571-875cf832b0b9', 'access_level': 'Admin', 'known': True, 'confidence': np.float64(0.8985830798777482), 'in_roi': True}]
DEBUG RESULTS: [{'box': (579, 110, 42, 42), 'name': 'Desconhecido', 'id': None, 'access_level': 'Visitante', 'known': False, 'confidence': 0.6, 'in_roi': False}, {'box': (214, 99, 174, 174), 'name': 'BRB', 'id': '5f071e08-ca0b-45b0-a571-875cf832b0b9', 'access_level': 'Admin', 'known': True, 'confidence': np.float64(0.8985830798777482), 'in_roi': True}]
DEBUG: RECOGNIZED USER -> BRB
DEBUG RESULTS: [{'box': (213, 98, 177, 177), 'name': 'BRB', 'id': '5f071e08-ca0b-45b0-a571-875cf832b0b9', 'access_level': 'Admin', 'known': True, 'confidence': np.float64(0.8562986925021846), 'in_roi': True}]
DEBUG: RECOGNIZED USER -> BRB
DEBUG RESULTS: [{'box': (198, 104, 176, 176), 'name': 'BRB', 'id': '5f071e08-ca0b-45b0-a571-875cf832b0b9', 'access_level': 'Admin', 'known': True, 'confidence': np.float64(0.8849654334036471), 'in_roi': True}]
DEBUG: RECOGNIZED USER -> BRB
DEBUG RESULTS: [{'box': (580, 110, 39, 39), 'name': 'Desconhecido', 'id': None, 'access_level': 'Visitante', 'known': False, 'confidence': 0.6, 'in_roi': False}, {'box': (119, 114, 179, 179), 'name': 'BRB', 'id': '5f071e08-ca0b-45b0-a571-875cf832b0b9', 'access_level': 'Admin', 'known': True, 'confidence': np.float64(0.8944103505485244), 'in_roi': False}]
DEBUG: RECOGNIZED USER -> BRB
DEBUG RESULTS: [{'box': (78, 114, 192, 192), 'name': 'BRB', 'id': '5f071e08-ca0b-45b0-a571-875cf832b0b9', 'access_level': 'Admin', 'known': True, 'confidence': np.float64(0.8392175974454986), 'in_roi': False}, {'box': (330, 175, 145, 145), 'name': 'Desconhecido', 'id': None, 'access_level': 'Visitante', 'known': False, 'confidence': 0.6, 'in_roi': True}]
DEBUG: RECOGNIZED USER -> BRB
DEBUG RESULTS: [{'box': (83, 116, 193, 193), 'name': 'BRB', 'id': '5f071e08-ca0b-45b0-a571-875cf832b0b9', 'access_level': 'Admin', 'known': True, 'confidence': np.float64(0.8500115953716446), 'in_roi': False}, {'box': (329, 169, 127, 127), 'name': 'Desconhecido', 'id': None, 'access_level': 'Visitante', 'known': False, 'confidence': 0.6, 'in_roi': True}]
DEBUG: RECOGNIZED USER -> BRB
DEBUG RESULTS: [{'box': (83, 116, 193, 193), 'name': 'BRB', 'id': '5f071e08-ca0b-45b0-a571-875cf832b0b9', 'access_level': 'Admin', 'known': True, 'confidence': np.float64(0.8500115953716446), 'in_roi': False}, {'box': (329, 169, 127, 127), 'name': 'Desconhecido', 'id': None, 'access_level': 'Visitante', 'known': False, 'confidence': 0.6, 'in_roi': True}]
DEBUG: RECOGNIZED USER -> BRB
DEBUG RESULTS: [{'box': (576, 111, 42, 42), 'name': 'Desconhecido', 'id': None, 'access_level': 'Visitante', 'known': False, 'confidence': 0.6, 'in_roi': False}, {'box': (313, 198, 113, 113), 'name': 'Desconhecido', 'id': None, 'access_level': 'Visitante', 'known': False, 'confidence': 0.6, 'in_roi': True}]
ALERTA: Acesso Negado Detectado!
DEBUG: RECOGNIZED USER -> BRB
DEBUG RESULTS: [{'box': (81, 114, 194, 194), 'name': 'BRB', 'id': '5f071e08-ca0b-45b0-a571-875cf832b0b9', 'access_level': 'Admin', 'known': True, 'confidence': np.float64(0.7460333284142339), 'in_roi': False}, {'box': (314, 199, 156, 156), 'name': 'Desconhecido', 'id': None, 'access_level': 'Visitante', 'known': False, 'confidence': 0.6, 'in_roi': True}]
Admin detectado. Acesso liberado.
DEBUG: RECOGNIZED USER -> BRB
DEBUG RESULTS: [{'box': (81, 114, 194, 194), 'name': 'BRB', 'id': '5f071e08-ca0b-45b0-a571-875cf832b0b9', 'access_level': 'Admin', 'known': True, 'confidence': np.float64(0.7460333284142339), 'in_roi': False}, {'box': (314, 199, 156, 156), 'name': 'Desconhecido', 'id': None, 'access_level': 'Visitante', 'known': False, 'confidence': 0.6, 'in_roi': True}]
DEBUG RESULTS: [{'box': (281, 205, 185, 185), 'name': 'Desconhecido', 'id': None, 'access_level': 'Visitante', 'known': False, 'confidence': 0.6, 'in_roi': True}]
ALERTA: Acesso Negado Detectado!
DEBUG RESULTS: [{'box': (285, 208, 183, 183), 'name': 'Desconhecido', 'id': None, 'access_level': 'Visitante', 'known': False, 'confidence': 0.6, 'in_roi': True}]
DEBUG RESULTS: [{'box': (285, 208, 183, 183), 'name': 'Desconhecido', 'id': None, 'access_level': 'Visitante', 'known': False, 'confidence': 0.6, 'in_roi': True}]
DEBUG RESULTS: [{'box': (286, 278, 156, 156), 'name': 'Desconhecido', 'id': None, 'access_level': 'Visitante', 'known': False, 'confidence': 0.6, 'in_roi': False}]
DEBUG RESULTS: [{'box': (291, 258, 145, 145), 'name': 'Desconhecido', 'id': None, 'access_level': 'Visitante', 'known': False, 'confidence': 0.6, 'in_roi': True}]
DEBUG RESULTS: [{'box': (291, 258, 145, 145), 'name': 'Desconhecido', 'id': None, 'access_level': 'Visitante', 'known': False, 'confidence': 0.6, 'in_roi': True}]
DEBUG: API Verification Called. Results count: 1
DEBUG: RECOGNIZED USER -> BRB
DEBUG RESULTS: [{'box': (160, 129, 174, 174), 'name': 'BRB', 'id': '5f071e08-ca0b-45b0-a571-875cf832b0b9', 'access_level': 'Admin', 'known': True, 'confidence': np.float64(0.8723761229513195), 'in_roi': True}]
Admin detectado. Acesso liberado.
DEBUG: RECOGNIZED USER -> BRB
DEBUG RESULTS: [{'box': (166, 125, 183, 183), 'name': 'BRB', 'id': '5f071e08-ca0b-45b0-a571-875cf832b0b9', 'access_level': 'Admin', 'known': True, 'confidence': np.float64(0.8840452415481364), 'in_roi': True}]
DEBUG: RECOGNIZED USER -> BRB
DEBUG RESULTS: [{'box': (579, 115, 38, 38), 'name': 'Desconhecido', 'id': None, 'access_level': 'Visitante', 'known': False, 'confidence': 0.6, 'in_roi': False}, {'box': (177, 125, 177, 177), 'name': 'BRB', 'id': '5f071e08-ca0b-45b0-a571-875cf832b0b9', 'access_level': 'Admin', 'known': True, 'confidence': np.float64(0.8987785174690388), 'in_roi': True}]
DEBUG: RECOGNIZED USER -> BRB
DEBUG RESULTS: [{'box': (579, 115, 39, 39), 'name': 'Desconhecido', 'id': None, 'access_level': 'Visitante', 'known': False, 'confidence': 0.6, 'in_roi': False}, {'box': (197, 118, 174, 174), 'name': 'BRB', 'id': '5f071e08-ca0b-45b0-a571-875cf832b0b9', 'access_level': 'Admin', 'known': True, 'confidence': np.float64(0.8821130550421987), 'in_roi': True}]
DEBUG: RECOGNIZED USER -> BRB
DEBUG RESULTS: [{'box': (208, 127, 171, 171), 'name': 'BRB', 'id': '5f071e08-ca0b-45b0-a571-875cf832b0b9', 'access_level': 'Admin', 'known': True, 'confidence': np.float64(0.8664615742835637), 'in_roi': True}]
DEBUG: RECOGNIZED USER -> BRB
DEBUG RESULTS: [{'box': (211, 136, 162, 162), 'name': 'BRB', 'id': '5f071e08-ca0b-45b0-a571-875cf832b0b9', 'access_level': 'Admin', 'known': True, 'confidence': np.float64(0.8975658101447304), 'in_roi': True}]
DEBUG RESULTS: [{'box': (211, 136, 162, 162), 'name': 'BRB', 'id': '5f071e08-ca0b-45b0-a571-875cf832b0b9', 'access_level': 'Admin', 'known': True, 'confidence': np.float64(0.8975658101447304), 'in_roi': True}]
DEBUG: RECOGNIZED USER -> BRB
DEBUG RESULTS: [{'box': (208, 135, 170, 170), 'name': 'BRB', 'id': '5f071e08-ca0b-45b0-a571-875cf832b0b9', 'access_level': 'Admin', 'known': True, 'confidence': np.float64(0.8619460806563932), 'in_roi': True}]
DEBUG: RECOGNIZED USER -> BRB
DEBUG RESULTS: [{'box': (576, 117, 43, 43), 'name': 'Desconhecido', 'id': None, 'access_level': 'Visitante', 'known': False, 'confidence': 0.6, 'in_roi': False}]
ALERTA: Acesso Negado Detectado!
DEBUG: RECOGNIZED USER -> BRB
DEBUG RESULTS: [{'box': (580, 118, 40, 40), 'name': 'Desconhecido', 'id': None, 'access_level': 'Visitante', 'known': False, 'confidence': 0.6, 'in_roi': False}, {'box': (270, 128, 169, 169), 'name': 'BRB', 'id': '5f071e08-ca0b-45b0-a571-875cf832b0b9', 'access_level': 'Admin', 'known': True, 'confidence': np.float64(0.8055995761561159), 'in_roi': True}]
Admin detectado. Acesso liberado.
DEBUG: RECOGNIZED USER -> BRB
DEBUG: RECOGNIZED USER -> BRB
DEBUG RESULTS: [{'box': (226, 135, 167, 167), 'name': 'BRB', 'id': '5f071e08-ca0b-45b0-a571-875cf832b0b9', 'access_level': 'Admin', 'known': True, 'confidence': np.float64(0.894858227802846), 'in_roi': True}]
DEBUG: RECOGNIZED USER -> BRB
DEBUG RESULTS: [{'box': (244, 127, 173, 173), 'name': 'BRB', 'id': '5f071e08-ca0b-45b0-a571-875cf832b0b9', 'access_level': 'Admin', 'known': True, 'confidence': np.float64(0.9069190992981263), 'in_roi': True}]
DEBUG: RECOGNIZED USER -> BRB
DEBUG RESULTS: [{'box': (240, 151, 156, 156), 'name': 'BRB', 'id': '5f071e08-ca0b-45b0-a571-875cf832b0b9', 'access_level': 'Admin', 'known': True, 'confidence': np.float64(0.893558684119172), 'in_roi': True}]
DEBUG: RECOGNIZED USER -> BRB
DEBUG: RECOGNIZED USER -> BRB
DEBUG RESULTS: [{'box': (202, 152, 169, 169), 'name': 'BRB', 'id': '5f071e08-ca0b-45b0-a571-875cf832b0b9', 'access_level': 'Admin', 'known': True, 'confidence': np.float64(0.8498477748381638), 'in_roi': True}]
DEBUG RESULTS: [{'box': (202, 152, 169, 169), 'name': 'BRB', 'id': '5f071e08-ca0b-45b0-a571-875cf832b0b9', 'access_level': 'Admin', 'known': True, 'confidence': np.float64(0.8498477748381638), 'in_roi': True}]
DEBUG: RECOGNIZED USER -> BRB
DEBUG RESULTS: [{'box': (217, 146, 165, 165), 'name': 'BRB', 'id': '5f071e08-ca0b-45b0-a571-875cf832b0b9', 'access_level': 'Admin', 'known': True, 'confidence': np.float64(0.8257325145059775), 'in_roi': True}]
DEBUG: RECOGNIZED USER -> BRB
DEBUG RESULTS: [{'box': (211, 141, 174, 174), 'name': 'BRB', 'id': '5f071e08-ca0b-45b0-a571-875cf832b0b9', 'access_level': 'Admin', 'known': True, 'confidence': np.float64(0.8191791626999311), 'in_roi': True}]
DEBUG: RECOGNIZED USER -> BRB
DEBUG RESULTS: [{'box': (212, 136, 174, 174), 'name': 'BRB', 'id': '5f071e08-ca0b-45b0-a571-875cf832b0b9', 'access_level': 'Admin', 'known': True, 'confidence': np.float64(0.8125367934623814), 'in_roi': True}]
DEBUG: RECOGNIZED USER -> BRB
DEBUG: RECOGNIZED USER -> BRB
DEBUG RESULTS: [{'box': (574, 119, 35, 35), 'name': 'Desconhecido', 'id': None, 'access_level': 'Visitante', 'known': False, 'confidence': 0.6, 'in_roi': False}]
ALERTA: Acesso Negado Detectado!
DEBUG RESULTS: [{'box': (574, 119, 35, 35), 'name': 'Desconhecido', 'id': None, 'access_level': 'Visitante', 'known': False, 'confidence': 0.6, 'in_roi': False}]
DEBUG: RECOGNIZED USER -> BRB
DEBUG RESULTS: [{'box': (576, 119, 33, 33), 'name': 'Desconhecido', 'id': None, 'access_level': 'Visitante', 'known': False, 'confidence': 0.6, 'in_roi': False}, {'box': (165, 142, 171, 171), 'name': 'BRB', 'id': '5f071e08-ca0b-45b0-a571-875cf832b0b9', 'access_level': 'Admin', 'known': True, 'confidence': np.float64(0.7918106803138448), 'in_roi': True}]
Admin detectado. Acesso liberado.
DEBUG: RECOGNIZED USER -> BRB
DEBUG RESULTS: [{'box': (164, 141, 184, 184), 'name': 'BRB', 'id': '5f071e08-ca0b-45b0-a571-875cf832b0b9', 'access_level': 'Admin', 'known': True, 'confidence': np.float64(0.8104869912859494), 'in_roi': True}]
DEBUG RESULTS: [{'box': (164, 141, 184, 184), 'name': 'BRB', 'id': '5f071e08-ca0b-45b0-a571-875cf832b0b9', 'access_level': 'Admin', 'known': True, 'confidence': np.float64(0.8104869912859494), 'in_roi': True}]
DEBUG: RECOGNIZED USER -> BRB
DEBUG RESULTS: [{'box': (190, 142, 171, 171), 'name': 'BRB', 'id': '5f071e08-ca0b-45b0-a571-875cf832b0b9', 'access_level': 'Admin', 'known': True, 'confidence': np.float64(0.8197449172789788), 'in_roi': True}]
DEBUG: RECOGNIZED USER -> BRB
DEBUG RESULTS: [{'box': (200, 139, 171, 171), 'name': 'BRB', 'id': '5f071e08-ca0b-45b0-a571-875cf832b0b9', 'access_level': 'Admin', 'known': True, 'confidence': np.float64(0.8440139235480975), 'in_roi': True}]
DEBUG: RECOGNIZED USER -> BRB
DEBUG RESULTS: [{'box': (210, 135, 172, 172), 'name': 'BRB', 'id': '5f071e08-ca0b-45b0-a571-875cf832b0b9', 'access_level': 'Admin', 'known': True, 'confidence': np.float64(0.8569304945831442), 'in_roi': True}]
DEBUG: RECOGNIZED USER -> BRB
DEBUG RESULTS: [{'box': (221, 137, 174, 174), 'name': 'BRB', 'id': '5f071e08-ca0b-45b0-a571-875cf832b0b9', 'access_level': 'Admin', 'known': True, 'confidence': np.float64(0.8482576262413821), 'in_roi': True}]
DEBUG: RECOGNIZED USER -> BRB
DEBUG RESULTS: [{'box': (199, 130, 177, 177), 'name': 'BRB', 'id': '5f071e08-ca0b-45b0-a571-875cf832b0b9', 'access_level': 'Admin', 'known': True, 'confidence': np.float64(0.8655574312344362), 'in_roi': True}]
DEBUG RESULTS: [{'box': (263, 206, 145, 145), 'name': 'Desconhecido', 'id': None, 'access_level': 'Visitante', 'known': False, 'confidence': 0.6, 'in_roi': True}]
ALERTA: Acesso Negado Detectado!
DEBUG RESULTS: [{'box': (283, 306, 165, 165), 'name': 'Desconhecido', 'id': None, 'access_level': 'Visitante', 'known': False, 'confidence': 0.6, 'in_roi': False}]
DEBUG RESULTS: [{'box': (259, 221, 198, 198), 'name': 'Desconhecido', 'id': None, 'access_level': 'Visitante', 'known': False, 'confidence': 0.6, 'in_roi': True}]
DEBUG RESULTS: [{'box': (208, 224, 222, 222), 'name': 'Desconhecido', 'id': None, 'access_level': 'Visitante', 'known': False, 'confidence': 0.6, 'in_roi': True}]
DEBUG: RECOGNIZED USER -> BRB
DEBUG RESULTS: [{'box': (158, 146, 175, 175), 'name': 'BRB', 'id': '5f071e08-ca0b-45b0-a571-875cf832b0b9', 'access_level': 'Admin', 'known': True, 'confidence': np.float64(0.8511683383333619), 'in_roi': True}]
Admin detectado. Acesso liberado.
DEBUG: RECOGNIZED USER -> BRB
DEBUG RESULTS: [{'box': (177, 151, 166, 166), 'name': 'BRB', 'id': '5f071e08-ca0b-45b0-a571-875cf832b0b9', 'access_level': 'Admin', 'known': True, 'confidence': np.float64(0.8825936131940147), 'in_roi': True}]
DEBUG: RECOGNIZED USER -> BRB
DEBUG: RECOGNIZED USER -> BRB
DEBUG RESULTS: [{'box': (576, 118, 40, 40), 'name': 'Desconhecido', 'id': None, 'access_level': 'Visitante', 'known': False, 'confidence': 0.6, 'in_roi': False}, {'box': (176, 142, 168, 168), 'name': 'BRB', 'id': '5f071e08-ca0b-45b0-a571-875cf832b0b9', 'access_level': 'Admin', 'known': True, 'confidence': np.float64(0.9253622033033486), 'in_roi': True}]
DEBUG: RECOGNIZED USER -> BRB
DEBUG RESULTS: [{'box': (576, 118, 40, 40), 'name': 'Desconhecido', 'id': None, 'access_level': 'Visitante', 'known': False, 'confidence': 0.6, 'in_roi': False}, {'box': (176, 142, 168, 168), 'name': 'BRB', 'id': '5f071e08-ca0b-45b0-a571-875cf832b0b9', 'access_level': 'Admin', 'known': True, 'confidence': np.float64(0.9253622033033486), 'in_roi': True}]
DEBUG: RECOGNIZED USER -> BRB
DEBUG RESULTS: [{'box': (197, 148, 161, 161), 'name': 'BRB', 'id': '5f071e08-ca0b-45b0-a571-875cf832b0b9', 'access_level': 'Admin', 'known': True, 'confidence': np.float64(0.904941049322816), 'in_roi': True}]
DEBUG: RECOGNIZED USER -> BRB
DEBUG RESULTS: [{'box': (216, 154, 156, 156), 'name': 'BRB', 'id': '5f071e08-ca0b-45b0-a571-875cf832b0b9', 'access_level': 'Admin', 'known': True, 'confidence': np.float64(0.8700818290677909), 'in_roi': True}]
DEBUG: RECOGNIZED USER -> BRB
DEBUG RESULTS: [{'box': (227, 151, 159, 159), 'name': 'BRB', 'id': '5f071e08-ca0b-45b0-a571-875cf832b0b9', 'access_level': 'Admin', 'known': True, 'confidence': np.float64(0.8847192317326517), 'in_roi': True}]
DEBUG: RECOGNIZED USER -> BRB
DEBUG RESULTS: [{'box': (219, 153, 166, 166), 'name': 'BRB', 'id': '5f071e08-ca0b-45b0-a571-875cf832b0b9', 'access_level': 'Admin', 'known': True, 'confidence': np.float64(0.9088277956003373), 'in_roi': True}]
DEBUG RESULTS: [{'box': (219, 153, 166, 166), 'name': 'BRB', 'id': '5f071e08-ca0b-45b0-a571-875cf832b0b9', 'access_level': 'Admin', 'known': True, 'confidence': np.float64(0.9088277956003373), 'in_roi': True}]
DEBUG: RECOGNIZED USER -> BRB
DEBUG RESULTS: [{'box': (222, 161, 171, 171), 'name': 'BRB', 'id': '5f071e08-ca0b-45b0-a571-875cf832b0b9', 'access_level': 'Admin', 'known': True, 'confidence': np.float64(0.8855697057270204), 'in_roi': True}]
DEBUG: RECOGNIZED USER -> BRB
DEBUG RESULTS: [{'box': (230, 161, 166, 166), 'name': 'BRB', 'id': '5f071e08-ca0b-45b0-a571-875cf832b0b9', 'access_level': 'Admin', 'known': True, 'confidence': np.float64(0.8532186283697439), 'in_roi': True}]
DEBUG: RECOGNIZED USER -> BRB
DEBUG RESULTS: [{'box': (214, 155, 184, 184), 'name': 'BRB', 'id': '5f071e08-ca0b-45b0-a571-875cf832b0b9', 'access_level': 'Admin', 'known': True, 'confidence': np.float64(0.8470516451789182), 'in_roi': True}]
DEBUG: RECOGNIZED USER -> BRB
DEBUG RESULTS: [{'box': (580, 119, 38, 38), 'name': 'Desconhecido', 'id': None, 'access_level': 'Visitante', 'known': False, 'confidence': 0.6, 'in_roi': False}, {'box': (217, 164, 169, 169), 'name': 'BRB', 'id': '5f071e08-ca0b-45b0-a571-875cf832b0b9', 'access_level': 'Admin', 'known': True, 'confidence': np.float64(0.8756355714004699), 'in_roi': True}]
DEBUG: RECOGNIZED USER -> BRB
DEBUG RESULTS: [{'box': (211, 158, 180, 180), 'name': 'BRB', 'id': '5f071e08-ca0b-45b0-a571-875cf832b0b9', 'access_level': 'Admin', 'known': True, 'confidence': np.float64(0.8140760676616208), 'in_roi': True}]
DEBUG: RECOGNIZED USER -> BRB
DEBUG RESULTS: [{'box': (219, 165, 167, 167), 'name': 'BRB', 'id': '5f071e08-ca0b-45b0-a571-875cf832b0b9', 'access_level': 'Admin', 'known': True, 'confidence': np.float64(0.8580335535500819), 'in_roi': True}]
DEBUG: RECOGNIZED USER -> BRB
DEBUG RESULTS: [{'box': (216, 162, 173, 173), 'name': 'BRB', 'id': '5f071e08-ca0b-45b0-a571-875cf832b0b9', 'access_level': 'Admin', 'known': True, 'confidence': np.float64(0.8691256441941626), 'in_roi': True}]
DEBUG: RECOGNIZED USER -> BRB
DEBUG RESULTS: [{'box': (202, 160, 167, 167), 'name': 'BRB', 'id': '5f071e08-ca0b-45b0-a571-875cf832b0b9', 'access_level': 'Admin', 'known': True, 'confidence': np.float64(0.8767967588531405), 'in_roi': True}]
DEBUG: RECOGNIZED USER -> BRB
DEBUG RESULTS: [{'box': (190, 160, 159, 159), 'name': 'BRB', 'id': '5f071e08-ca0b-45b0-a571-875cf832b0b9', 'access_level': 'Admin', 'known': True, 'confidence': np.float64(0.9136370081354793), 'in_roi': True}]
DEBUG: RECOGNIZED USER -> BRB
DEBUG RESULTS: [{'box': (257, 149, 252, 252), 'name': 'Desconhecido', 'id': None, 'access_level': 'Visitante', 'known': False, 'confidence': 0.6, 'in_roi': True}]
ALERTA: Acesso Negado Detectado!
DEBUG: RECOGNIZED USER -> BRB
DEBUG RESULTS: [{'box': (0, 144, 186, 186), 'name': 'BRB', 'id': '5f071e08-ca0b-45b0-a571-875cf832b0b9', 'access_level': 'Admin', 'known': True, 'confidence': np.float64(0.7851156884265708), 'in_roi': False}]
Admin detectado. Acesso liberado.
DEBUG RESULTS: [{'box': (0, 144, 186, 186), 'name': 'BRB', 'id': '5f071e08-ca0b-45b0-a571-875cf832b0b9', 'access_level': 'Admin', 'known': True, 'confidence': np.float64(0.7851156884265708), 'in_roi': False}]
DEBUG: RECOGNIZED USER -> BRB
DEBUG: RECOGNIZED USER -> BRB
DEBUG RESULTS: [{'box': (45, 174, 165, 165), 'name': 'BRB', 'id': '5f071e08-ca0b-45b0-a571-875cf832b0b9', 'access_level': 'Admin', 'known': True, 'confidence': np.float64(0.8453205633063166), 'in_roi': False}]
DEBUG: RECOGNIZED USER -> BRB
DEBUG RESULTS: [{'box': (86, 162, 173, 173), 'name': 'BRB', 'id': '5f071e08-ca0b-45b0-a571-875cf832b0b9', 'access_level': 'Admin', 'known': True, 'confidence': np.float64(0.8290476253767499), 'in_roi': False}]
DEBUG: RECOGNIZED USER -> BRB
DEBUG RESULTS: [{'box': (109, 169, 164, 164), 'name': 'BRB', 'id': '5f071e08-ca0b-45b0-a571-875cf832b0b9', 'access_level': 'Admin', 'known': True, 'confidence': np.float64(0.8393239698683796), 'in_roi': False}]
DEBUG: RECOGNIZED USER -> BRB
DEBUG RESULTS: [{'box': (98, 174, 167, 167), 'name': 'BRB', 'id': '5f071e08-ca0b-45b0-a571-875cf832b0b9', 'access_level': 'Admin', 'known': True, 'confidence': np.float64(0.7798022151473407), 'in_roi': False}]
DEBUG: RECOGNIZED USER -> BRB
DEBUG RESULTS: [{'box': (97, 172, 169, 169), 'name': 'BRB', 'id': '5f071e08-ca0b-45b0-a571-875cf832b0b9', 'access_level': 'Admin', 'known': True, 'confidence': np.float64(0.8080090930468053), 'in_roi': False}]
DEBUG: RECOGNIZED USER -> BRB
DEBUG RESULTS: [{'box': (92, 172, 173, 173), 'name': 'BRB', 'id': '5f071e08-ca0b-45b0-a571-875cf832b0b9', 'access_level': 'Admin', 'known': True, 'confidence': np.float64(0.7951991969612452), 'in_roi': False}]
DEBUG: RECOGNIZED USER -> BRB
DEBUG RESULTS: [{'box': (96, 176, 167, 167), 'name': 'BRB', 'id': '5f071e08-ca0b-45b0-a571-875cf832b0b9', 'access_level': 'Admin', 'known': True, 'confidence': np.float64(0.7931334373468286), 'in_roi': False}]
DEBUG: RECOGNIZED USER -> BRB
DEBUG RESULTS: [{'box': (95, 178, 167, 167), 'name': 'BRB', 'id': '5f071e08-ca0b-45b0-a571-875cf832b0b9', 'access_level': 'Admin', 'known': True, 'confidence': np.float64(0.7478954253721924), 'in_roi': False}]
DEBUG: RECOGNIZED USER -> BRB
DEBUG RESULTS: [{'box': (95, 177, 167, 167), 'name': 'BRB', 'id': '5f071e08-ca0b-45b0-a571-875cf832b0b9', 'access_level': 'Admin', 'known': True, 'confidence': np.float64(0.7726279268154357), 'in_roi': False}]
DEBUG: RECOGNIZED USER -> BRB
DEBUG: RECOGNIZED USER -> BRB
DEBUG RESULTS: [{'box': (193, 165, 160, 160), 'name': 'BRB', 'id': '5f071e08-ca0b-45b0-a571-875cf832b0b9', 'access_level': 'Admin', 'known': True, 'confidence': np.float64(0.896904715806247), 'in_roi': True}]
DEBUG: RECOGNIZED USER -> BRB
DEBUG RESULTS: [{'box': (184, 170, 157, 157), 'name': 'BRB', 'id': '5f071e08-ca0b-45b0-a571-875cf832b0b9', 'access_level': 'Admin', 'known': True, 'confidence': np.float64(0.8820298088227512), 'in_roi': True}]
DEBUG: RECOGNIZED USER -> BRB
DEBUG RESULTS: [{'box': (181, 164, 160, 160), 'name': 'BRB', 'id': '5f071e08-ca0b-45b0-a571-875cf832b0b9', 'access_level': 'Admin', 'known': True, 'confidence': np.float64(0.8831682032455502), 'in_roi': True}]
DEBUG: RECOGNIZED USER -> BRB
DEBUG: RECOGNIZED USER -> BRB
DEBUG RESULTS: [{'box': (195, 166, 163, 163), 'name': 'BRB', 'id': '5f071e08-ca0b-45b0-a571-875cf832b0b9', 'access_level': 'Admin', 'known': True, 'confidence': np.float64(0.8696059241762915), 'in_roi': True}]
DEBUG: RECOGNIZED USER -> BRB
DEBUG: RECOGNIZED USER -> BRB
DEBUG RESULTS: [{'box': (191, 169, 163, 163), 'name': 'BRB', 'id': '5f071e08-ca0b-45b0-a571-875cf832b0b9', 'access_level': 'Admin', 'known': True, 'confidence': np.float64(0.8617446178998437), 'in_roi': True}]
DEBUG: RECOGNIZED USER -> BRB
DEBUG RESULTS: [{'box': (191, 169, 163, 163), 'name': 'BRB', 'id': '5f071e08-ca0b-45b0-a571-875cf832b0b9', 'access_level': 'Admin', 'known': True, 'confidence': np.float64(0.8617446178998437), 'in_roi': True}]
DEBUG: RECOGNIZED USER -> BRB
DEBUG: RECOGNIZED USER -> BRB
DEBUG RESULTS: [{'box': (187, 168, 161, 161), 'name': 'BRB', 'id': '5f071e08-ca0b-45b0-a571-875cf832b0b9', 'access_level': 'Admin', 'known': True, 'confidence': np.float64(0.8638616689019669), 'in_roi': True}]
DEBUG: RECOGNIZED USER -> BRB
DEBUG: RECOGNIZED USER -> BRB
DEBUG RESULTS: [{'box': (183, 166, 163, 163), 'name': 'BRB', 'id': '5f071e08-ca0b-45b0-a571-875cf832b0b9', 'access_level': 'Admin', 'known': True, 'confidence': np.float64(0.8799081108500292), 'in_roi': True}]
DEBUG: RECOGNIZED USER -> BRB
DEBUG RESULTS: [{'box': (166, 162, 169, 169), 'name': 'BRB', 'id': '5f071e08-ca0b-45b0-a571-875cf832b0b9', 'access_level': 'Admin', 'known': True, 'confidence': np.float64(0.8627867248982816), 'in_roi': True}]
DEBUG: RECOGNIZED USER -> BRB
DEBUG RESULTS: [{'box': (166, 162, 169, 169), 'name': 'BRB', 'id': '5f071e08-ca0b-45b0-a571-875cf832b0b9', 'access_level': 'Admin', 'known': True, 'confidence': np.float64(0.8627867248982816), 'in_roi': True}]
DEBUG: API Verification Called. Results count: 1
DEBUG RESULTS: [{'box': (166, 162, 169, 169), 'name': 'BRB', 'id': '5f071e08-ca0b-45b0-a571-875cf832b0b9', 'access_level': 'Admin', 'known': True, 'confidence': np.float64(0.8627867248982816), 'in_roi': True}]
DEBUG: RECOGNIZED USER -> BRB
DEBUG RESULTS: [{'box': (162, 157, 164, 164), 'name': 'BRB', 'id': '5f071e08-ca0b-45b0-a571-875cf832b0b9', 'access_level': 'Admin', 'known': True, 'confidence': np.float64(0.8700898564147367), 'in_roi': True}]
DEBUG: RECOGNIZED USER -> BRB
DEBUG RESULTS: [{'box': (167, 161, 157, 157), 'name': 'BRB', 'id': '5f071e08-ca0b-45b0-a571-875cf832b0b9', 'access_level': 'Admin', 'known': True, 'confidence': np.float64(0.8957792324707201), 'in_roi': True}]
DEBUG: RECOGNIZED USER -> BRB
DEBUG RESULTS: [{'box': (165, 158, 159, 159), 'name': 'BRB', 'id': '5f071e08-ca0b-45b0-a571-875cf832b0b9', 'access_level': 'Admin', 'known': True, 'confidence': np.float64(0.874282568251203), 'in_roi': True}]
DEBUG: RECOGNIZED USER -> BRB
DEBUG RESULTS: [{'box': (165, 160, 161, 161), 'name': 'BRB', 'id': '5f071e08-ca0b-45b0-a571-875cf832b0b9', 'access_level': 'Admin', 'known': True, 'confidence': np.float64(0.8913431355144354), 'in_roi': True}]
DEBUG: RECOGNIZED USER -> BRB
DEBUG RESULTS: [{'box': (168, 159, 159, 159), 'name': 'BRB', 'id': '5f071e08-ca0b-45b0-a571-875cf832b0b9', 'access_level': 'Admin', 'known': True, 'confidence': np.float64(0.8755359488868799), 'in_roi': True}]
DEBUG: RECOGNIZED USER -> BRB
DEBUG RESULTS: [{'box': (161, 158, 163, 163), 'name': 'BRB', 'id': '5f071e08-ca0b-45b0-a571-875cf832b0b9', 'access_level': 'Admin', 'known': True, 'confidence': np.float64(0.8626572348987265), 'in_roi': True}]
DEBUG: RECOGNIZED USER -> BRB
DEBUG RESULTS: [{'box': (161, 157, 164, 164), 'name': 'BRB', 'id': '5f071e08-ca0b-45b0-a571-875cf832b0b9', 'access_level': 'Admin', 'known': True, 'confidence': np.float64(0.8535839889093099), 'in_roi': True}]
DEBUG: RECOGNIZED USER -> BRB
DEBUG RESULTS: [{'box': (158, 154, 168, 168), 'name': 'BRB', 'id': '5f071e08-ca0b-45b0-a571-875cf832b0b9', 'access_level': 'Admin', 'known': True, 'confidence': np.float64(0.8583198321968291), 'in_roi': True}]
DEBUG: RECOGNIZED USER -> BRB
DEBUG RESULTS: [{'box': (156, 145, 156, 156), 'name': 'BRB', 'id': '5f071e08-ca0b-45b0-a571-875cf832b0b9', 'access_level': 'Admin', 'known': True, 'confidence': np.float64(0.8708207143752564), 'in_roi': True}]
DEBUG: RECOGNIZED USER -> BRB
DEBUG RESULTS: [{'box': (162, 91, 204, 204), 'name': 'BRB', 'id': '5f071e08-ca0b-45b0-a571-875cf832b0b9', 'access_level': 'Admin', 'known': True, 'confidence': np.float64(0.8830385627827514), 'in_roi': True}]
DEBUG: RECOGNIZED USER -> BRB
DEBUG: API Verification Called. Results count: 0
DEBUG: RECOGNIZED USER -> JBT
DEBUG RESULTS: [{'box': (39, 27, 336, 336), 'name': 'JBT', 'id': 'b7fde010-41bb-4755-9875-46b80d92cefc', 'access_level': 'Funcionario', 'known': True, 'confidence': np.float64(0.791378300476851), 'in_roi': False}]
ALERTA: Acesso Negado Detectado!
DEBUG: RECOGNIZED USER -> JBT
DEBUG: RECOGNIZED USER -> JBT
DEBUG: RECOGNIZED USER -> BRB
DEBUG RESULTS: [{'box': (95, 130, 193, 193), 'name': 'BRB', 'id': '5f071e08-ca0b-45b0-a571-875cf832b0b9', 'access_level': 'Admin', 'known': True, 'confidence': np.float64(0.7523476091098822), 'in_roi': False}]
Admin detectado. Acesso liberado.
DEBUG RESULTS: [{'box': (95, 130, 193, 193), 'name': 'BRB', 'id': '5f071e08-ca0b-45b0-a571-875cf832b0b9', 'access_level': 'Admin', 'known': True, 'confidence': np.float64(0.7523476091098822), 'in_roi': False}]
DEBUG: RECOGNIZED USER -> BRB
DEBUG: RECOGNIZED USER -> BRB
DEBUG RESULTS: [{'box': (121, 155, 166, 166), 'name': 'BRB', 'id': '5f071e08-ca0b-45b0-a571-875cf832b0b9', 'access_level': 'Admin', 'known': True, 'confidence': np.float64(0.7992110982500624), 'in_roi': False}]
DEBUG RESULTS: [{'box': (121, 155, 166, 166), 'name': 'BRB', 'id': '5f071e08-ca0b-45b0-a571-875cf832b0b9', 'access_level': 'Admin', 'known': True, 'confidence': np.float64(0.7992110982500624), 'in_roi': False}]
DEBUG: RECOGNIZED USER -> BRB
DEBUG RESULTS: [{'box': (132, 152, 172, 172), 'name': 'BRB', 'id': '5f071e08-ca0b-45b0-a571-875cf832b0b9', 'access_level': 'Admin', 'known': True, 'confidence': np.float64(0.8082819927824335), 'in_roi': False}]
DEBUG: RECOGNIZED USER -> BRB
DEBUG RESULTS: [{'box': (131, 153, 172, 172), 'name': 'BRB', 'id': '5f071e08-ca0b-45b0-a571-875cf832b0b9', 'access_level': 'Admin', 'known': True, 'confidence': np.float64(0.7994352923425868), 'in_roi': False}]
DEBUG: RECOGNIZED USER -> BRB
DEBUG RESULTS: [{'box': (135, 151, 173, 173), 'name': 'BRB', 'id': '5f071e08-ca0b-45b0-a571-875cf832b0b9', 'access_level': 'Admin', 'known': True, 'confidence': np.float64(0.817946312688442), 'in_roi': False}]
DEBUG: RECOGNIZED USER -> BRB
DEBUG RESULTS: [{'box': (147, 151, 174, 174), 'name': 'BRB', 'id': '5f071e08-ca0b-45b0-a571-875cf832b0b9', 'access_level': 'Admin', 'known': True, 'confidence': np.float64(0.8487807294001004), 'in_roi': True}]
DEBUG: RECOGNIZED USER -> BRB
DEBUG RESULTS: [{'box': (138, 159, 165, 165), 'name': 'BRB', 'id': '5f071e08-ca0b-45b0-a571-875cf832b0b9', 'access_level': 'Admin', 'known': True, 'confidence': np.float64(0.8722890299285408), 'in_roi': False}]
DEBUG: RECOGNIZED USER -> BRB
DEBUG RESULTS: [{'box': (137, 163, 166, 166), 'name': 'BRB', 'id': '5f071e08-ca0b-45b0-a571-875cf832b0b9', 'access_level': 'Admin', 'known': True, 'confidence': np.float64(0.887011051608189), 'in_roi': False}]
DEBUG: RECOGNIZED USER -> BRB
DEBUG RESULTS: [{'box': (139, 157, 173, 173), 'name': 'BRB', 'id': '5f071e08-ca0b-45b0-a571-875cf832b0b9', 'access_level': 'Admin', 'known': True, 'confidence': np.float64(0.8865377665832072), 'in_roi': True}]
DEBUG: RECOGNIZED USER -> BRB
DEBUG RESULTS: [{'box': (138, 155, 176, 176), 'name': 'BRB', 'id': '5f071e08-ca0b-45b0-a571-875cf832b0b9', 'access_level': 'Admin', 'known': True, 'confidence': np.float64(0.8867355132044649), 'in_roi': True}]
DEBUG: RECOGNIZED USER -> BRB
DEBUG RESULTS: [{'box': (140, 159, 173, 173), 'name': 'BRB', 'id': '5f071e08-ca0b-45b0-a571-875cf832b0b9', 'access_level': 'Admin', 'known': True, 'confidence': np.float64(0.8903539920500823), 'in_roi': True}]
DEBUG: RECOGNIZED USER -> BRB
DEBUG RESULTS: [{'box': (140, 160, 171, 171), 'name': 'BRB', 'id': '5f071e08-ca0b-45b0-a571-875cf832b0b9', 'access_level': 'Admin', 'known': True, 'confidence': np.float64(0.9042630503483312), 'in_roi': True}]
DEBUG: RECOGNIZED USER -> BRB
DEBUG RESULTS: [{'box': (144, 164, 169, 169), 'name': 'BRB', 'id': '5f071e08-ca0b-45b0-a571-875cf832b0b9', 'access_level': 'Admin', 'known': True, 'confidence': np.float64(0.89121648677703), 'in_roi': True}]
DEBUG: RECOGNIZED USER -> BRB
DEBUG RESULTS: [{'box': (140, 167, 174, 174), 'name': 'BRB', 'id': '5f071e08-ca0b-45b0-a571-875cf832b0b9', 'access_level': 'Admin', 'known': True, 'confidence': np.float64(0.8544657449835341), 'in_roi': True}]
DEBUG RESULTS: [{'box': (140, 167, 174, 174), 'name': 'BRB', 'id': '5f071e08-ca0b-45b0-a571-875cf832b0b9', 'access_level': 'Admin', 'known': True, 'confidence': np.float64(0.8544657449835341), 'in_roi': True}]
DEBUG: RECOGNIZED USER -> BRB
DEBUG: RECOGNIZED USER -> BRB
DEBUG RESULTS: [{'box': (122, 173, 174, 174), 'name': 'BRB', 'id': '5f071e08-ca0b-45b0-a571-875cf832b0b9', 'access_level': 'Admin', 'known': True, 'confidence': np.float64(0.859143066993656), 'in_roi': False}]
DEBUG: RECOGNIZED USER -> BRB
DEBUG RESULTS: [{'box': (70, 169, 181, 181), 'name': 'BRB', 'id': '5f071e08-ca0b-45b0-a571-875cf832b0b9', 'access_level': 'Admin', 'known': True, 'confidence': np.float64(0.8511318387546267), 'in_roi': False}]
DEBUG: RECOGNIZED USER -> BRB
DEBUG RESULTS: [{'box': (84, 168, 179, 179), 'name': 'BRB', 'id': '5f071e08-ca0b-45b0-a571-875cf832b0b9', 'access_level': 'Admin', 'known': True, 'confidence': np.float64(0.8646429088331123), 'in_roi': False}]
DEBUG: RECOGNIZED USER -> BRB
DEBUG RESULTS: [{'box': (124, 174, 168, 168), 'name': 'BRB', 'id': '5f071e08-ca0b-45b0-a571-875cf832b0b9', 'access_level': 'Admin', 'known': True, 'confidence': np.float64(0.8762463525345551), 'in_roi': False}]
DEBUG: RECOGNIZED USER -> BRB
DEBUG RESULTS: [{'box': (128, 188, 162, 162), 'name': 'BRB', 'id': '5f071e08-ca0b-45b0-a571-875cf832b0b9', 'access_level': 'Admin', 'known': True, 'confidence': np.float64(0.837111284833704), 'in_roi': False}]
DEBUG: RECOGNIZED USER -> BRB
DEBUG: RECOGNIZED USER -> BRB
DEBUG RESULTS: [{'box': (121, 191, 166, 166), 'name': 'BRB', 'id': '5f071e08-ca0b-45b0-a571-875cf832b0b9', 'access_level': 'Admin', 'known': True, 'confidence': np.float64(0.7907410759483383), 'in_roi': False}]
DEBUG: RECOGNIZED USER -> BRB
DEBUG RESULTS: [{'box': (121, 191, 166, 166), 'name': 'BRB', 'id': '5f071e08-ca0b-45b0-a571-875cf832b0b9', 'access_level': 'Admin', 'known': True, 'confidence': np.float64(0.7907410759483383), 'in_roi': False}]
DEBUG RESULTS: [{'box': (301, 322, 67, 67), 'name': 'Desconhecido', 'id': None, 'access_level': 'Visitante', 'known': False, 'confidence': 0.6, 'in_roi': False}]
ALERTA: Acesso Negado Detectado!
DEBUG RESULTS: [{'box': (303, 322, 66, 66), 'name': 'Desconhecido', 'id': None, 'access_level': 'Visitante', 'known': False, 'confidence': 0.6, 'in_roi': False}]
DEBUG: RECOGNIZED USER -> BRB
DEBUG RESULTS: [{'box': (118, 190, 164, 164), 'name': 'BRB', 'id': '5f071e08-ca0b-45b0-a571-875cf832b0b9', 'access_level': 'Admin', 'known': True, 'confidence': np.float64(0.7868893079899728), 'in_roi': False}, {'box': (300, 322, 69, 69), 'name': 'Desconhecido', 'id': None, 'access_level': 'Visitante', 'known': False, 'confidence': 0.6, 'in_roi': False}]
Admin detectado. Acesso liberado.
DEBUG: RECOGNIZED USER -> BRB
DEBUG: RECOGNIZED USER -> BRB
DEBUG RESULTS: [{'box': (122, 190, 162, 162), 'name': 'BRB', 'id': '5f071e08-ca0b-45b0-a571-875cf832b0b9', 'access_level': 'Admin', 'known': True, 'confidence': np.float64(0.8138093324843534), 'in_roi': False}, {'box': (302, 323, 66, 66), 'name': 'Desconhecido', 'id': None, 'access_level': 'Visitante', 'known': False, 'confidence': 0.6, 'in_roi': False}]
DEBUG: RECOGNIZED USER -> BRB
DEBUG RESULTS: [{'box': (122, 190, 162, 162), 'name': 'BRB', 'id': '5f071e08-ca0b-45b0-a571-875cf832b0b9', 'access_level': 'Admin', 'known': True, 'confidence': np.float64(0.8138093324843534), 'in_roi': False}, {'box': (302, 323, 66, 66), 'name': 'Desconhecido', 'id': None, 'access_level': 'Visitante', 'known': False, 'confidence': 0.6, 'in_roi': False}]
DEBUG RESULTS: [{'box': (301, 322, 67, 67), 'name': 'Desconhecido', 'id': None, 'access_level': 'Visitante', 'known': False, 'confidence': 0.6, 'in_roi': False}]
ALERTA: Acesso Negado Detectado!
DEBUG RESULTS: [{'box': (301, 322, 67, 67), 'name': 'Desconhecido', 'id': None, 'access_level': 'Visitante', 'known': False, 'confidence': 0.6, 'in_roi': False}]
DEBUG RESULTS: [{'box': (300, 321, 68, 68), 'name': 'Desconhecido', 'id': None, 'access_level': 'Visitante', 'known': False, 'confidence': 0.6, 'in_roi': False}]
DEBUG: RECOGNIZED USER -> BRB
DEBUG RESULTS: [{'box': (124, 191, 166, 166), 'name': 'BRB', 'id': '5f071e08-ca0b-45b0-a571-875cf832b0b9', 'access_level': 'Admin', 'known': True, 'confidence': np.float64(0.8556794223565946), 'in_roi': False}, {'box': (301, 322, 68, 68), 'name': 'Desconhecido', 'id': None, 'access_level': 'Visitante', 'known': False, 'confidence': 0.6, 'in_roi': False}]
Admin detectado. Acesso liberado.
DEBUG: RECOGNIZED USER -> BRB
DEBUG RESULTS: [{'box': (121, 193, 165, 165), 'name': 'BRB', 'id': '5f071e08-ca0b-45b0-a571-875cf832b0b9', 'access_level': 'Admin', 'known': True, 'confidence': np.float64(0.7930886773831972), 'in_roi': False}, {'box': (300, 322, 68, 68), 'name': 'Desconhecido', 'id': None, 'access_level': 'Visitante', 'known': False, 'confidence': 0.6, 'in_roi': False}]
DEBUG: RECOGNIZED USER -> BRB
DEBUG RESULTS: [{'box': (121, 193, 165, 165), 'name': 'BRB', 'id': '5f071e08-ca0b-45b0-a571-875cf832b0b9', 'access_level': 'Admin', 'known': True, 'confidence': np.float64(0.7930886773831972), 'in_roi': False}, {'box': (300, 322, 68, 68), 'name': 'Desconhecido', 'id': None, 'access_level': 'Visitante', 'known': False, 'confidence': 0.6, 'in_roi': False}]
DEBUG RESULTS: [{'box': (299, 322, 69, 69), 'name': 'Desconhecido', 'id': None, 'access_level': 'Visitante', 'known': False, 'confidence': 0.6, 'in_roi': False}]
ALERTA: Acesso Negado Detectado!
DEBUG RESULTS: [{'box': (301, 323, 66, 66), 'name': 'Desconhecido', 'id': None, 'access_level': 'Visitante', 'known': False, 'confidence': 0.6, 'in_roi': False}]
DEBUG: RECOGNIZED USER -> BRB
DEBUG RESULTS: [{'box': (127, 185, 167, 167), 'name': 'BRB', 'id': '5f071e08-ca0b-45b0-a571-875cf832b0b9', 'access_level': 'Admin', 'known': True, 'confidence': np.float64(0.817734034906548), 'in_roi': False}, {'box': (299, 321, 68, 68), 'name': 'Desconhecido', 'id': None, 'access_level': 'Visitante', 'known': False, 'confidence': 0.6, 'in_roi': False}]
Admin detectado. Acesso liberado.
DEBUG: RECOGNIZED USER -> BRB
DEBUG RESULTS: [{'box': (520, 129, 38, 38), 'name': 'Desconhecido', 'id': None, 'access_level': 'Visitante', 'known': False, 'confidence': 0.6, 'in_roi': False}, {'box': (302, 322, 66, 66), 'name': 'Desconhecido', 'id': None, 'access_level': 'Visitante', 'known': False, 'confidence': 0.6, 'in_roi': False}]
ALERTA: Acesso Negado Detectado!
DEBUG RESULTS: [{'box': (520, 128, 40, 40), 'name': 'Desconhecido', 'id': None, 'access_level': 'Visitante', 'known': False, 'confidence': 0.6, 'in_roi': False}, {'box': (303, 324, 63, 63), 'name': 'Desconhecido', 'id': None, 'access_level': 'Visitante', 'known': False, 'confidence': 0.6, 'in_roi': False}]
DEBUG RESULTS: [{'box': (520, 128, 40, 40), 'name': 'Desconhecido', 'id': None, 'access_level': 'Visitante', 'known': False, 'confidence': 0.6, 'in_roi': False}, {'box': (303, 324, 63, 63), 'name': 'Desconhecido', 'id': None, 'access_level': 'Visitante', 'known': False, 'confidence': 0.6, 'in_roi': False}]
DEBUG RESULTS: [{'box': (523, 129, 37, 37), 'name': 'Desconhecido', 'id': None, 'access_level': 'Visitante', 'known': False, 'confidence': 0.6, 'in_roi': False}, {'box': (302, 321, 70, 70), 'name': 'Desconhecido', 'id': None, 'access_level': 'Visitante', 'known': False, 'confidence': 0.6, 'in_roi': False}]
DEBUG RESULTS: [{'box': (521, 128, 37, 37), 'name': 'Desconhecido', 'id': None, 'access_level': 'Visitante', 'known': False, 'confidence': 0.6, 'in_roi': False}, {'box': (300, 322, 68, 68), 'name': 'Desconhecido', 'id': None, 'access_level': 'Visitante', 'known': False, 'confidence': 0.6, 'in_roi': False}]
DEBUG RESULTS: [{'box': (520, 129, 38, 38), 'name': 'Desconhecido', 'id': None, 'access_level': 'Visitante', 'known': False, 'confidence': 0.6, 'in_roi': False}, {'box': (300, 322, 70, 70), 'name': 'Desconhecido', 'id': None, 'access_level': 'Visitante', 'known': False, 'confidence': 0.6, 'in_roi': False}]
DEBUG RESULTS: [{'box': (521, 129, 37, 37), 'name': 'Desconhecido', 'id': None, 'access_level': 'Visitante', 'known': False, 'confidence': 0.6, 'in_roi': False}, {'box': (299, 321, 70, 70), 'name': 'Desconhecido', 'id': None, 'access_level': 'Visitante', 'known': False, 'confidence': 0.6, 'in_roi': False}]
DEBUG RESULTS: [{'box': (521, 129, 37, 37), 'name': 'Desconhecido', 'id': None, 'access_level': 'Visitante', 'known': False, 'confidence': 0.6, 'in_roi': False}, {'box': (299, 321, 70, 70), 'name': 'Desconhecido', 'id': None, 'access_level': 'Visitante', 'known': False, 'confidence': 0.6, 'in_roi': False}]
DEBUG RESULTS: [{'box': (522, 129, 38, 38), 'name': 'Desconhecido', 'id': None, 'access_level': 'Visitante', 'known': False, 'confidence': 0.6, 'in_roi': False}, {'box': (303, 322, 66, 66), 'name': 'Desconhecido', 'id': None, 'access_level': 'Visitante', 'known': False, 'confidence': 0.6, 'in_roi': False}]
DEBUG RESULTS: [{'box': (522, 129, 38, 38), 'name': 'Desconhecido', 'id': None, 'access_level': 'Visitante', 'known': False, 'confidence': 0.6, 'in_roi': False}, {'box': (303, 322, 66, 66), 'name': 'Desconhecido', 'id': None, 'access_level': 'Visitante', 'known': False, 'confidence': 0.6, 'in_roi': False}]
DEBUG RESULTS: [{'box': (301, 322, 68, 68), 'name': 'Desconhecido', 'id': None, 'access_level': 'Visitante', 'known': False, 'confidence': 0.6, 'in_roi': False}]
DEBUG: RECOGNIZED USER -> BRB
DEBUG RESULTS: [{'box': (524, 130, 37, 37), 'name': 'Desconhecido', 'id': None, 'access_level': 'Visitante', 'known': False, 'confidence': 0.6, 'in_roi': False}, {'box': (150, 263, 104, 104), 'name': 'Desconhecido', 'id': None, 'access_level': 'Visitante', 'known': False, 'confidence': 0.6, 'in_roi': False}, {'box': (300, 322, 69, 69), 'name': 'Desconhecido', 'id': None, 'access_level': 'Visitante', 'known': False, 'confidence': 0.6, 'in_roi': False}]
DEBUG: RECOGNIZED USER -> BRB
DEBUG RESULTS: [{'box': (123, 141, 169, 169), 'name': 'BRB', 'id': '5f071e08-ca0b-45b0-a571-875cf832b0b9', 'access_level': 'Admin', 'known': True, 'confidence': np.float64(0.8925594899927146), 'in_roi': False}, {'box': (300, 322, 69, 69), 'name': 'Desconhecido', 'id': None, 'access_level': 'Visitante', 'known': False, 'confidence': 0.6, 'in_roi': False}]
Admin detectado. Acesso liberado.
DEBUG: RECOGNIZED USER -> BRB
DEBUG RESULTS: [{'box': (174, 132, 167, 167), 'name': 'BRB', 'id': '5f071e08-ca0b-45b0-a571-875cf832b0b9', 'access_level': 'Admin', 'known': True, 'confidence': np.float64(0.8750185127141992), 'in_roi': True}]
DEBUG: RECOGNIZED USER -> BRB
DEBUG RESULTS: [{'box': (216, 137, 166, 166), 'name': 'BRB', 'id': '5f071e08-ca0b-45b0-a571-875cf832b0b9', 'access_level': 'Admin', 'known': True, 'confidence': np.float64(0.8752624669107306), 'in_roi': True}]
DEBUG: RECOGNIZED USER -> BRB
DEBUG RESULTS: [{'box': (208, 139, 176, 176), 'name': 'BRB', 'id': '5f071e08-ca0b-45b0-a571-875cf832b0b9', 'access_level': 'Admin', 'known': True, 'confidence': np.float64(0.8605301208237177), 'in_roi': True}]
DEBUG: RECOGNIZED USER -> BRB
DEBUG RESULTS: [{'box': (213, 148, 160, 160), 'name': 'BRB', 'id': '5f071e08-ca0b-45b0-a571-875cf832b0b9', 'access_level': 'Admin', 'known': True, 'confidence': np.float64(0.8911774206297516), 'in_roi': True}]
DEBUG: RECOGNIZED USER -> BRB
DEBUG: RECOGNIZED USER -> BRB
DEBUG RESULTS: [{'box': (169, 185, 156, 156), 'name': 'BRB', 'id': '5f071e08-ca0b-45b0-a571-875cf832b0b9', 'access_level': 'Admin', 'known': True, 'confidence': np.float64(0.7643653035514353), 'in_roi': True}]
DEBUG RESULTS: [{'box': (136, 178, 160, 160), 'name': 'Desconhecido', 'id': None, 'access_level': 'Visitante', 'known': False, 'confidence': 0.6, 'in_roi': False}]
ALERTA: Acesso Negado Detectado!
DEBUG RESULTS: [{'box': (136, 178, 160, 160), 'name': 'Desconhecido', 'id': None, 'access_level': 'Visitante', 'known': False, 'confidence': 0.6, 'in_roi': False}]
DEBUG: RECOGNIZED USER -> BRB
DEBUG RESULTS: [{'box': (148, 171, 163, 163), 'name': 'BRB', 'id': '5f071e08-ca0b-45b0-a571-875cf832b0b9', 'access_level': 'Admin', 'known': True, 'confidence': np.float64(0.8134631808180377), 'in_roi': True}]
Admin detectado. Acesso liberado.
DEBUG: RECOGNIZED USER -> BRB
DEBUG RESULTS: [{'box': (147, 168, 155, 155), 'name': 'BRB', 'id': '5f071e08-ca0b-45b0-a571-875cf832b0b9', 'access_level': 'Admin', 'known': True, 'confidence': np.float64(0.6837375010120693), 'in_roi': False}]
DEBUG RESULTS: [{'box': (147, 168, 155, 155), 'name': 'BRB', 'id': '5f071e08-ca0b-45b0-a571-875cf832b0b9', 'access_level': 'Admin', 'known': True, 'confidence': np.float64(0.6837375010120693), 'in_roi': False}]
DEBUG: RECOGNIZED USER -> BRB
DEBUG: RECOGNIZED USER -> BRB
DEBUG RESULTS: [{'box': (521, 134, 38, 38), 'name': 'Desconhecido', 'id': None, 'access_level': 'Visitante', 'known': False, 'confidence': 0.6, 'in_roi': False}, {'box': (147, 161, 164, 164), 'name': 'BRB', 'id': '5f071e08-ca0b-45b0-a571-875cf832b0b9', 'access_level': 'Admin', 'known': True, 'confidence': np.float64(0.8825809202842717), 'in_roi': True}]
DEBUG: RECOGNIZED USER -> BRB
DEBUG RESULTS: [{'box': (521, 134, 38, 38), 'name': 'Desconhecido', 'id': None, 'access_level': 'Visitante', 'known': False, 'confidence': 0.6, 'in_roi': False}, {'box': (147, 161, 164, 164), 'name': 'BRB', 'id': '5f071e08-ca0b-45b0-a571-875cf832b0b9', 'access_level': 'Admin', 'known': True, 'confidence': np.float64(0.8825809202842717), 'in_roi': True}]
DEBUG: RECOGNIZED USER -> BRB
DEBUG RESULTS: [{'box': (139, 154, 173, 173), 'name': 'BRB', 'id': '5f071e08-ca0b-45b0-a571-875cf832b0b9', 'access_level': 'Admin', 'known': True, 'confidence': np.float64(0.8402482343025722), 'in_roi': True}]
DEBUG: RECOGNIZED USER -> BRB
DEBUG RESULTS: [{'box': (121, 159, 165, 165), 'name': 'BRB', 'id': '5f071e08-ca0b-45b0-a571-875cf832b0b9', 'access_level': 'Admin', 'known': True, 'confidence': np.float64(0.920708777707609), 'in_roi': False}]
DEBUG: RECOGNIZED USER -> BRB
DEBUG RESULTS: [{'box': (144, 162, 158, 158), 'name': 'BRB', 'id': '5f071e08-ca0b-45b0-a571-875cf832b0b9', 'access_level': 'Admin', 'known': True, 'confidence': np.float64(0.9146320092003787), 'in_roi': False}]
DEBUG: RECOGNIZED USER -> BRB
DEBUG RESULTS: [{'box': (149, 161, 163, 163), 'name': 'BRB', 'id': '5f071e08-ca0b-45b0-a571-875cf832b0b9', 'access_level': 'Admin', 'known': True, 'confidence': np.float64(0.8714761054681924), 'in_roi': True}]
DEBUG: RECOGNIZED USER -> BRB
DEBUG RESULTS: [{'box': (113, 157, 173, 173), 'name': 'BRB', 'id': '5f071e08-ca0b-45b0-a571-875cf832b0b9', 'access_level': 'Admin', 'known': True, 'confidence': np.float64(0.8880736319183392), 'in_roi': False}]
DEBUG: RECOGNIZED USER -> BRB
DEBUG RESULTS: [{'box': (124, 156, 167, 167), 'name': 'BRB', 'id': '5f071e08-ca0b-45b0-a571-875cf832b0b9', 'access_level': 'Admin', 'known': True, 'confidence': np.float64(0.8992495906279127), 'in_roi': False}]
DEBUG RESULTS: [{'box': (124, 156, 167, 167), 'name': 'BRB', 'id': '5f071e08-ca0b-45b0-a571-875cf832b0b9', 'access_level': 'Admin', 'known': True, 'confidence': np.float64(0.8992495906279127), 'in_roi': False}]
DEBUG: RECOGNIZED USER -> BRB
DEBUG RESULTS: [{'box': (150, 162, 160, 160), 'name': 'BRB', 'id': '5f071e08-ca0b-45b0-a571-875cf832b0b9', 'access_level': 'Admin', 'known': True, 'confidence': np.float64(0.8993040886917096), 'in_roi': True}]
DEBUG: RECOGNIZED USER -> BRB
DEBUG RESULTS: [{'box': (141, 161, 165, 165), 'name': 'BRB', 'id': '5f071e08-ca0b-45b0-a571-875cf832b0b9', 'access_level': 'Admin', 'known': True, 'confidence': np.float64(0.8844054691484794), 'in_roi': False}]
DEBUG: RECOGNIZED USER -> BRB
DEBUG: RECOGNIZED USER -> BRB
DEBUG RESULTS: [{'box': (124, 169, 160, 160), 'name': 'BRB', 'id': '5f071e08-ca0b-45b0-a571-875cf832b0b9', 'access_level': 'Admin', 'known': True, 'confidence': np.float64(0.8061058892580617), 'in_roi': False}]
DEBUG: RECOGNIZED USER -> BRB
DEBUG RESULTS: [{'box': (521, 125, 35, 35), 'name': 'Desconhecido', 'id': None, 'access_level': 'Visitante', 'known': False, 'confidence': 0.6, 'in_roi': False}, {'box': (155, 157, 171, 171), 'name': 'BRB', 'id': '5f071e08-ca0b-45b0-a571-875cf832b0b9', 'access_level': 'Admin', 'known': True, 'confidence': np.float64(0.8559946061422498), 'in_roi': True}]
DEBUG: RECOGNIZED USER -> BRB
DEBUG: RECOGNIZED USER -> BRB
DEBUG RESULTS: [{'box': (502, 124, 30, 30), 'name': 'Desconhecido', 'id': None, 'access_level': 'Visitante', 'known': False, 'confidence': 0.6, 'in_roi': False}, {'box': (131, 148, 175, 175), 'name': 'BRB', 'id': '5f071e08-ca0b-45b0-a571-875cf832b0b9', 'access_level': 'Admin', 'known': True, 'confidence': np.float64(0.8679988985707902), 'in_roi': False}]
DEBUG: RECOGNIZED USER -> BRB
DEBUG RESULTS: [{'box': (502, 124, 30, 30), 'name': 'Desconhecido', 'id': None, 'access_level': 'Visitante', 'known': False, 'confidence': 0.6, 'in_roi': False}, {'box': (131, 148, 175, 175), 'name': 'BRB', 'id': '5f071e08-ca0b-45b0-a571-875cf832b0b9', 'access_level': 'Admin', 'known': True, 'confidence': np.float64(0.8679988985707902), 'in_roi': False}]
DEBUG: RECOGNIZED USER -> BRB
DEBUG: RECOGNIZED USER -> BRB
DEBUG RESULTS: [{'box': (51, 139, 178, 178), 'name': 'BRB', 'id': '5f071e08-ca0b-45b0-a571-875cf832b0b9', 'access_level': 'Admin', 'known': True, 'confidence': np.float64(0.8123176526499221), 'in_roi': False}]
DEBUG RESULTS: [{'box': (413, 50, 33, 33), 'name': 'Desconhecido', 'id': None, 'access_level': 'Visitante', 'known': False, 'confidence': 0.6, 'in_roi': False}]
ALERTA: Acesso Negado Detectado!
DEBUG: RECOGNIZED USER -> BRB
DEBUG RESULTS: [{'box': (130, 183, 157, 157), 'name': 'BRB', 'id': '5f071e08-ca0b-45b0-a571-875cf832b0b9', 'access_level': 'Admin', 'known': True, 'confidence': np.float64(0.8803396797727723), 'in_roi': False}]
Admin detectado. Acesso liberado.
DEBUG RESULTS: [{'box': (130, 183, 157, 157), 'name': 'BRB', 'id': '5f071e08-ca0b-45b0-a571-875cf832b0b9', 'access_level': 'Admin', 'known': True, 'confidence': np.float64(0.8803396797727723), 'in_roi': False}]
DEBUG: RECOGNIZED USER -> BRB
DEBUG RESULTS: [{'box': (127, 175, 173, 173), 'name': 'BRB', 'id': '5f071e08-ca0b-45b0-a571-875cf832b0b9', 'access_level': 'Admin', 'known': True, 'confidence': np.float64(0.9027900919584173), 'in_roi': False}]
DEBUG: RECOGNIZED USER -> BRB
DEBUG RESULTS: [{'box': (137, 171, 162, 162), 'name': 'BRB', 'id': '5f071e08-ca0b-45b0-a571-875cf832b0b9', 'access_level': 'Admin', 'known': True, 'confidence': np.float64(0.8973952302821092), 'in_roi': False}]
DEBUG: RECOGNIZED USER -> BRB
DEBUG RESULTS: [{'box': (157, 154, 165, 165), 'name': 'BRB', 'id': '5f071e08-ca0b-45b0-a571-875cf832b0b9', 'access_level': 'Admin', 'known': True, 'confidence': np.float64(0.8598606912681486), 'in_roi': True}]
DEBUG: RECOGNIZED USER -> BRB
DEBUG RESULTS: [{'box': (163, 170, 166, 166), 'name': 'BRB', 'id': '5f071e08-ca0b-45b0-a571-875cf832b0b9', 'access_level': 'Admin', 'known': True, 'confidence': np.float64(0.8747465978385114), 'in_roi': True}]
DEBUG: RECOGNIZED USER -> BRB
DEBUG: RECOGNIZED USER -> BRB
DEBUG RESULTS: [{'box': (167, 178, 162, 162), 'name': 'BRB', 'id': '5f071e08-ca0b-45b0-a571-875cf832b0b9', 'access_level': 'Admin', 'known': True, 'confidence': np.float64(0.8827678974047329), 'in_roi': True}]
DEBUG: RECOGNIZED USER -> BRB
DEBUG RESULTS: [{'box': (167, 178, 162, 162), 'name': 'BRB', 'id': '5f071e08-ca0b-45b0-a571-875cf832b0b9', 'access_level': 'Admin', 'known': True, 'confidence': np.float64(0.8827678974047329), 'in_roi': True}]
DEBUG: RECOGNIZED USER -> BRB
DEBUG RESULTS: [{'box': (164, 180, 158, 158), 'name': 'BRB', 'id': '5f071e08-ca0b-45b0-a571-875cf832b0b9', 'access_level': 'Admin', 'known': True, 'confidence': np.float64(0.9092210024512035), 'in_roi': True}]
DEBUG: RECOGNIZED USER -> BRB
DEBUG RESULTS: [{'box': (168, 186, 153, 153), 'name': 'BRB', 'id': '5f071e08-ca0b-45b0-a571-875cf832b0b9', 'access_level': 'Admin', 'known': True, 'confidence': np.float64(0.8784036262200229), 'in_roi': True}]
DEBUG: RECOGNIZED USER -> BRB
DEBUG RESULTS: [{'box': (141, 177, 163, 163), 'name': 'BRB', 'id': '5f071e08-ca0b-45b0-a571-875cf832b0b9', 'access_level': 'Admin', 'known': True, 'confidence': np.float64(0.8846456307137843), 'in_roi': False}]
DEBUG: RECOGNIZED USER -> BRB
DEBUG RESULTS: [{'box': (146, 172, 164, 164), 'name': 'BRB', 'id': '5f071e08-ca0b-45b0-a571-875cf832b0b9', 'access_level': 'Admin', 'known': True, 'confidence': np.float64(0.9149537731993393), 'in_roi': True}]
DEBUG RESULTS: [{'box': (146, 172, 164, 164), 'name': 'BRB', 'id': '5f071e08-ca0b-45b0-a571-875cf832b0b9', 'access_level': 'Admin', 'known': True, 'confidence': np.float64(0.9149537731993393), 'in_roi': True}]
DEBUG: RECOGNIZED USER -> BRB
DEBUG RESULTS: [{'box': (159, 169, 162, 162), 'name': 'BRB', 'id': '5f071e08-ca0b-45b0-a571-875cf832b0b9', 'access_level': 'Admin', 'known': True, 'confidence': np.float64(0.8789970206319929), 'in_roi': True}]
DEBUG: RECOGNIZED USER -> BRB
DEBUG RESULTS: [{'box': (161, 169, 161, 161), 'name': 'BRB', 'id': '5f071e08-ca0b-45b0-a571-875cf832b0b9', 'access_level': 'Admin', 'known': True, 'confidence': np.float64(0.8737591911518601), 'in_roi': True}]
DEBUG: RECOGNIZED USER -> BRB
DEBUG: RECOGNIZED USER -> BRB
DEBUG: RECOGNIZED USER -> BRB
DEBUG RESULTS: [{'box': (493, 72, 31, 31), 'name': 'Desconhecido', 'id': None, 'access_level': 'Visitante', 'known': False, 'confidence': 0.6, 'in_roi': False}, {'box': (145, 180, 162, 162), 'name': 'BRB', 'id': '5f071e08-ca0b-45b0-a571-875cf832b0b9', 'access_level': 'Admin', 'known': True, 'confidence': np.float64(0.8405501539872569), 'in_roi': True}]
DEBUG: RECOGNIZED USER -> BRB
DEBUG: RECOGNIZED USER -> BRB
DEBUG RESULTS: [{'box': (528, 69, 36, 36), 'name': 'Desconhecido', 'id': None, 'access_level': 'Visitante', 'known': False, 'confidence': 0.6, 'in_roi': False}, {'box': (135, 182, 157, 157), 'name': 'BRB', 'id': '5f071e08-ca0b-45b0-a571-875cf832b0b9', 'access_level': 'Admin', 'known': True, 'confidence': np.float64(0.8792382343079915), 'in_roi': False}]
DEBUG: RECOGNIZED USER -> BRB
DEBUG RESULTS: [{'box': (528, 69, 36, 36), 'name': 'Desconhecido', 'id': None, 'access_level': 'Visitante', 'known': False, 'confidence': 0.6, 'in_roi': False}, {'box': (135, 182, 157, 157), 'name': 'BRB', 'id': '5f071e08-ca0b-45b0-a571-875cf832b0b9', 'access_level': 'Admin', 'known': True, 'confidence': np.float64(0.8792382343079915), 'in_roi': False}]
DEBUG: RECOGNIZED USER -> BRB
DEBUG RESULTS: [{'box': (131, 174, 173, 173), 'name': 'BRB', 'id': '5f071e08-ca0b-45b0-a571-875cf832b0b9', 'access_level': 'Admin', 'known': True, 'confidence': np.float64(0.8637209112470691), 'in_roi': False}]
DEBUG: RECOGNIZED USER -> BRB
DEBUG: RECOGNIZED USER -> BRB
DEBUG RESULTS: [{'box': (139, 184, 161, 161), 'name': 'BRB', 'id': '5f071e08-ca0b-45b0-a571-875cf832b0b9', 'access_level': 'Admin', 'known': True, 'confidence': np.float64(0.8730583410743917), 'in_roi': False}]
DEBUG RESULTS: [{'box': (139, 184, 161, 161), 'name': 'BRB', 'id': '5f071e08-ca0b-45b0-a571-875cf832b0b9', 'access_level': 'Admin', 'known': True, 'confidence': np.float64(0.8730583410743917), 'in_roi': False}]
DEBUG: RECOGNIZED USER -> BRB
DEBUG RESULTS: [{'box': (139, 184, 153, 153), 'name': 'BRB', 'id': '5f071e08-ca0b-45b0-a571-875cf832b0b9', 'access_level': 'Admin', 'known': True, 'confidence': np.float64(0.8931722223504929), 'in_roi': False}]
DEBUG: RECOGNIZED USER -> BRB
DEBUG RESULTS: [{'box': (135, 179, 163, 163), 'name': 'BRB', 'id': '5f071e08-ca0b-45b0-a571-875cf832b0b9', 'access_level': 'Admin', 'known': True, 'confidence': np.float64(0.8996295134856693), 'in_roi': False}]
DEBUG: RECOGNIZED USER -> BRB
DEBUG RESULTS: [{'box': (143, 173, 159, 159), 'name': 'BRB', 'id': '5f071e08-ca0b-45b0-a571-875cf832b0b9', 'access_level': 'Admin', 'known': True, 'confidence': np.float64(0.8968591328840346), 'in_roi': False}]
DEBUG: RECOGNIZED USER -> BRB
DEBUG RESULTS: [{'box': (144, 173, 160, 160), 'name': 'BRB', 'id': '5f071e08-ca0b-45b0-a571-875cf832b0b9', 'access_level': 'Admin', 'known': True, 'confidence': np.float64(0.8860275125651139), 'in_roi': False}]
DEBUG: RECOGNIZED USER -> BRB
DEBUG RESULTS: [{'box': (145, 175, 162, 162), 'name': 'BRB', 'id': '5f071e08-ca0b-45b0-a571-875cf832b0b9', 'access_level': 'Admin', 'known': True, 'confidence': np.float64(0.8481336989910334), 'in_roi': True}]
DEBUG: RECOGNIZED USER -> BRB
DEBUG RESULTS: [{'box': (135, 178, 164, 164), 'name': 'BRB', 'id': '5f071e08-ca0b-45b0-a571-875cf832b0b9', 'access_level': 'Admin', 'known': True, 'confidence': np.float64(0.7666870813263355), 'in_roi': False}]
DEBUG: RECOGNIZED USER -> BRB
DEBUG RESULTS: [{'box': (134, 191, 153, 153), 'name': 'BRB', 'id': '5f071e08-ca0b-45b0-a571-875cf832b0b9', 'access_level': 'Admin', 'known': True, 'confidence': np.float64(0.7208574126567555), 'in_roi': False}]
DEBUG: RECOGNIZED USER -> BRB
DEBUG RESULTS: [{'box': (135, 190, 152, 152), 'name': 'BRB', 'id': '5f071e08-ca0b-45b0-a571-875cf832b0b9', 'access_level': 'Admin', 'known': True, 'confidence': np.float64(0.732257892643523), 'in_roi': False}]
DEBUG: RECOGNIZED USER -> BRB
DEBUG RESULTS: [{'box': (139, 189, 159, 159), 'name': 'BRB', 'id': '5f071e08-ca0b-45b0-a571-875cf832b0b9', 'access_level': 'Admin', 'known': True, 'confidence': np.float64(0.7609601231721066), 'in_roi': False}]
DEBUG: RECOGNIZED USER -> BRB
DEBUG RESULTS: [{'box': (138, 185, 164, 164), 'name': 'BRB', 'id': '5f071e08-ca0b-45b0-a571-875cf832b0b9', 'access_level': 'Admin', 'known': True, 'confidence': np.float64(0.7786034076998845), 'in_roi': False}]
FATAL: exception not rethrown
